<?xml version="1.0" ?>
<coverage branch-rate="0" branches-covered="0" branches-valid="0" complexity="0" line-rate="0.3333" lines-covered="7" lines-valid="21" timestamp="1512644850836" version="4.4.2">
	<!-- Generated by coverage.py: https://coverage.readthedocs.io -->
	<!-- Based on https://raw.githubusercontent.com/cobertura/web/master/htdocs/xml/coverage-04.dtd -->
	<sources>
		<source>/Users/torberglind/PycharmProjects/reTesting</source>
	</sources>
	<packages>
		<package branch-rate="0" complexity="0" line-rate="0.3333" name=".">
			<classes>
				<class branch-rate="0" complexity="0" filename="escape_test.py" line-rate="0.3333" name="escape_test.py">
					<methods/>
					<lines>
						<line hits="1" number="1"/>
						<line hits="1" number="2"/>
						<line hits="1" number="4"/>
						<line hits="1" number="6"/>
						<line hits="0" number="8"/>
						<line hits="0" number="9"/>
						<line hits="0" number="10"/>
						<line hits="0" number="11"/>
						<line hits="0" number="12"/>
						<line hits="0" number="13"/>
						<line hits="0" number="14"/>
						<line hits="0" number="15"/>
						<line hits="0" number="16"/>
						<line hits="0" number="17"/>
						<line hits="0" number="18"/>
						<line hits="1" number="20"/>
						<line hits="0" number="21"/>
						<line hits="0" number="22"/>
						<line hits="0" number="23"/>
						<line hits="1" number="26"/>
						<line hits="1" number="27"/>
					</lines>
				</class>
			</classes>
		</package>
	</packages>
</coverage>
